[debug] [2025-01-25T03:22:27.894Z] ----------------------------------------------------------------------
[debug] [2025-01-25T03:22:27.896Z] Command:       C:\Program Files\nodejs\node.exe C:\Users\HOME\AppData\Roaming\npm\node_modules\firebase-tools\lib\bin\firebase.js init
[debug] [2025-01-25T03:22:27.897Z] CLI Version:   12.5.2
[debug] [2025-01-25T03:22:27.897Z] Platform:      win32
[debug] [2025-01-25T03:22:27.897Z] Node Version:  v20.9.0
[debug] [2025-01-25T03:22:27.897Z] Time:          Fri Jan 24 2025 19:22:27 GMT-0800 (Pacific Standard Time)
[debug] [2025-01-25T03:22:27.897Z] ----------------------------------------------------------------------
[debug] 
[debug] [2025-01-25T03:22:27.903Z] > command requires scopes: ["email","openid","https://www.googleapis.com/auth/cloudplatformprojects.readonly","https://www.googleapis.com/auth/firebase","https://www.googleapis.com/auth/cloud-platform"]
[debug] [2025-01-25T03:22:27.904Z] > authorizing via signed-in user (clothmeclothme@gmail.com)
[info] 
     ######## #### ########  ######## ########     ###     ######  ########
     ##        ##  ##     ## ##       ##     ##  ##   ##  ##       ##
     ######    ##  ########  ######   ########  #########  ######  ######
     ##        ##  ##    ##  ##       ##     ## ##     ##       ## ##
     ##       #### ##     ## ######## ########  ##     ##  ######  ########

You're about to initialize a Firebase project in this directory:

  D:\projects\Clothme\apps\front_end\rela-estate-crm

[info] 
=== Project Setup
[info] 
[info] First, let's associate this project directory with a Firebase project.
[info] You can create multiple project aliases by running firebase use --add, 
[info] but for now we'll just set up a default project.
[info] 
[debug] [2025-01-25T03:22:37.785Z] >>> [apiv2][query] GET https://firebase.googleapis.com/v1beta1/projects pageSize=100
[debug] [2025-01-25T03:22:38.163Z] <<< [apiv2][status] GET https://firebase.googleapis.com/v1beta1/projects 200
[debug] [2025-01-25T03:22:38.163Z] <<< [apiv2][body] GET https://firebase.googleapis.com/v1beta1/projects [omitted]
[info] i  Using project real-estate-clients-37fef (Real-estate-clients) 
[info] 
=== Hosting Setup
[info] 
[info] Your public directory is the folder (relative to your project directory) that
[info] will contain Hosting assets to be uploaded with firebase deploy. If you
[info] have a build process for your assets, use your build's output directory.
[info] 
[debug] [2025-01-25T03:23:18.564Z] ----------------------------------------------------------------------
[debug] [2025-01-25T03:23:18.567Z] Command:       C:\Program Files\nodejs\node.exe C:\Users\HOME\AppData\Roaming\npm\node_modules\firebase-tools\lib\bin\firebase.js init
[debug] [2025-01-25T03:23:18.567Z] CLI Version:   12.5.2
[debug] [2025-01-25T03:23:18.567Z] Platform:      win32
[debug] [2025-01-25T03:23:18.567Z] Node Version:  v20.9.0
[debug] [2025-01-25T03:23:18.567Z] Time:          Fri Jan 24 2025 19:23:18 GMT-0800 (Pacific Standard Time)
[debug] [2025-01-25T03:23:18.567Z] ----------------------------------------------------------------------
[debug] 
[debug] [2025-01-25T03:23:18.573Z] > command requires scopes: ["email","openid","https://www.googleapis.com/auth/cloudplatformprojects.readonly","https://www.googleapis.com/auth/firebase","https://www.googleapis.com/auth/cloud-platform"]
[debug] [2025-01-25T03:23:18.574Z] > authorizing via signed-in user (clothmeclothme@gmail.com)
[info] 
     ######## #### ########  ######## ########     ###     ######  ########
     ##        ##  ##     ## ##       ##     ##  ##   ##  ##       ##
     ######    ##  ########  ######   ########  #########  ######  ######
     ##        ##  ##    ##  ##       ##     ## ##     ##       ## ##
     ##       #### ##     ## ######## ########  ##     ##  ######  ########

You're about to initialize a Firebase project in this directory:

  D:\projects\Clothme\apps\front_end\rela-estate-crm

[info] 
=== Project Setup
[info] 
[info] First, let's associate this project directory with a Firebase project.
[info] You can create multiple project aliases by running firebase use --add, 
[info] but for now we'll just set up a default project.
[info] 
[debug] [2025-01-25T03:23:25.263Z] >>> [apiv2][query] GET https://firebase.googleapis.com/v1beta1/projects pageSize=100
[debug] [2025-01-25T03:23:25.610Z] <<< [apiv2][status] GET https://firebase.googleapis.com/v1beta1/projects 200
[debug] [2025-01-25T03:23:25.610Z] <<< [apiv2][body] GET https://firebase.googleapis.com/v1beta1/projects [omitted]
[info] i  Using project real-estate-clients-37fef (Real-estate-clients) 
[info] 
=== Hosting Setup
